\BOOKMARK [1][-]{section.1}{\376\377\000C\000o\000n\000c\000e\000p\000t\000s\000,\000\040\000A\000D\000T\000\040\000\046\000\040\000A\000l\000g\000o\000r\000i\000t\000h\000m\000s}{}% 1
\BOOKMARK [2][-]{subsection.1.1}{\376\377\000E\000v\000a\000l\000u\000a\000t\000i\000o\000n\000g\000\040\000P\000o\000s\000t\000f\000i\000x\000\040\000E\000x\000p\000r\000e\000s\000s\000i\000o\000n\000s}{section.1}% 2
\BOOKMARK [2][-]{subsection.1.2}{\376\377\000I\000n\000d\000i\000x\000\040\000t\000o\000\040\000P\000o\000s\000t\000f\000i\000x}{section.1}% 3
\BOOKMARK [1][-]{section.2}{\376\377\000A\000l\000g\000o\000r\000i\000t\000h\000m\000a\000l\000\040\000C\000o\000m\000p\000l\000e\000x\000i\000t\000y\000\040\000A\000n\000a\000l\000y\000s\000i\000s}{}% 4
\BOOKMARK [1][-]{section.3}{\376\377\000S\000o\000r\000t\000i\000n\000g\000\040\000A\000l\000g\000o\000r\000i\000t\000h\000m\000s}{}% 5
\BOOKMARK [1][-]{section.4}{\376\377\000S\000e\000a\000r\000c\000h\000i\000n\000g\000\040\000A\000l\000g\000o\000r\000i\000t\000h\000m\000s}{}% 6
\BOOKMARK [1][-]{section.5}{\376\377\000D\000a\000t\000a\000\040\000S\000t\000r\000u\000c\000t\000u\000r\000e\000s\000:\000\040\000S\000t\000a\000c\000k\000,\000\040\000Q\000u\000e\000u\000e\000,\000\040\000P\000o\000i\000n\000t\000e\000r\000,\000\040\000L\000i\000n\000k\000e\000d\000\040\000L\000i\000s\000t\000,\000\040\000T\000r\000e\000e}{}% 7
\BOOKMARK [1][-]{section.6}{\376\377\000D\000a\000t\000a\000\040\000C\000o\000m\000p\000r\000e\000s\000s\000i\000o\000n\000\040\000A\000l\000g\000o\000r\000i\000t\000h\000m\000s}{}% 8
\BOOKMARK [1][-]{section.7}{\376\377\000H\000a\000s\000i\000n\000g\000\040\000A\000l\000g\000o\000r\000i\000t\000h\000m\000s}{}% 9
\BOOKMARK [1][-]{section.8}{\376\377\000S\000t\000r\000i\000n\000g\000-\000m\000a\000t\000c\000h\000i\000n\000g\000\040\000A\000l\000g\000o\000r\000i\000t\000h\000m\000s}{}% 10
\BOOKMARK [1][-]{section.9}{\376\377\000S\000e\000c\000t\000i\000o\000n}{}% 11
\BOOKMARK [2][-]{subsection.9.1}{\376\377\000M\036\331\000t\000\040\000s\036\321\000\040\000l\001\260\000u\000\040\000\375}{section.9}% 12
\BOOKMARK [3][-]{subsubsection.9.1.1}{\376\377\000C\000\340\000i\000\040\001\021\036\267\000t\000\040\000o\000f\000f\000l\000i\000n\000e}{subsection.9.1}% 13
\BOOKMARK [3][-]{subsubsection.9.1.2}{\376\377\000S\036\355\000\040\000d\036\345\000n\000g\000\040\000f\000o\000n\000t\000\040\000k\000h\000\341\000c}{subsection.9.1}% 14
\BOOKMARK [3][-]{subsubsection.9.1.3}{\376\377\001\020\000\341\000n\000h\000\040\000s\036\321\000\040\000c\000h\036\311\000\040\000m\036\345\000c\000\040\000b\036\261\000n\000g\000\040\000c\000h\036\357\000\040\000s\036\321\000\040\000L\000a\000\040\000M\000\343}{subsection.9.1}% 15
\BOOKMARK [2][-]{subsection.9.2}{\376\377\000V\000\355\000\040\000d\036\345}{section.9}% 16
\BOOKMARK [2][-]{subsection.9.3}{\376\377\000F\000i\000r\000s\000t\000\040\000s\000u\000b\000s\000e\000c\000t\000i\000o\000n}{section.9}% 17
\BOOKMARK [3][-]{subsubsection.9.3.1}{\376\377\000F\000i\000r\000s\000t\000\040\000s\000u\000b\000-\000s\000u\000b\000s\000e\000c\000t\000i\000o\000n}{subsection.9.3}% 18
\BOOKMARK [2][-]{subsection.9.4}{\376\377\000C\000h\000i\000a\000\040\000n\000h\036\317\000\040\000n\036\331\000i\000\040\000d\000u\000n\000g}{section.9}% 19
\BOOKMARK [1][-]{section.10}{\376\377\000H\000\354\000n\000h\000\040\036\243\000n\000h}{}% 20
\BOOKMARK [1][-]{section.11}{\376\377\000B\036\243\000n\000g\000\040\000b\000i\036\303\000u}{}% 21
\BOOKMARK [1][-]{section.12}{\376\377\000C\000\364\000n\000g\000\040\000t\000h\036\351\000c\000\040\000t\000o\000\341\000n}{}% 22
\BOOKMARK [1][-]{section.13}{\376\377\000T\000h\000u\036\255\000t\000\040\000t\000o\000\341\000n}{}% 23
\BOOKMARK [1][-]{section.14}{\376\377\000C\000o\000d\000e}{}% 24
\BOOKMARK [1][-]{section.15}{\376\377\000N\000g\000\364\000n\000\040\000n\000g\036\357}{}% 25
\BOOKMARK [1][-]{section.16}{\376\377\000S\036\355\000\040\000d\036\345\000n\000g\000\040\000t\000\340\000i\000\040\000l\000i\036\307\000u\000\040\000t\000h\000a\000m\000\040\000k\000h\036\243\000o}{}% 26
\BOOKMARK [1][-]{section*.5}{\376\377\000T\000\340\000i\000\040\000l\000i\036\307\000u}{}% 27
\BOOKMARK [1][-]{appendix.A}{\376\377\000P\000h\036\345\000\040\000l\036\345\000c}{}% 28
